<html>
<body>
<pre>
<h1>Vision Build Log</h1>
<h2>Tool Versions:</h2>
IDE-Version: μVision V5.25.2.0
Copyright (C) 2018 ARM Ltd and ARM Germany GmbH. All rights reserved.
License Information: zhou ZhouChenghan, politecnico di torino, LIC=MPPDY-I1HUU-Z85FH-WBT1D-YGS93-YM7MY
 
Tool Versions:
Toolchain:       MDK-ARM Plus  Version: 5.25.2.0
Toolchain Path:  D:\KEIL5\core\ARM\ARMCC\Bin
C Compiler:      Armcc.exe V5.06 update 6 (build 750)
Assembler:       Armasm.exe V5.06 update 6 (build 750)
Linker/Locator:  ArmLink.exe V5.06 update 6 (build 750)
Library Manager: ArmAr.exe V5.06 update 6 (build 750)
Hex Converter:   FromElf.exe V5.06 update 6 (build 750)
CPU DLL:         SARMCM3.DLL V5.25.2.0
Dialog DLL:      DCM.DLL V1.17.1.0
Target DLL:      Segger\JL2CM3.dll V2.99.29.0
Dialog DLL:      TCM.DLL V1.35.1.0
 
<h2>Project:</h2>
C:\Users\ZhouChenghan\Desktop\study_document\RM\电控\开源代码\standard\Project\standard.uvprojx
Project File Date:  01/04/2020

<h2>Output:</h2>
*** Using Compiler 'V5.06 update 6 (build 750)', folder: 'D:\KEIL5\core\ARM\ARMCC\Bin'
Build target 'standard'
assembling startup_stm32f427xx.s...
compiling stm32f4xx_crc.c...
compiling system_stm32f4xx.c...
compiling stm32f4xx_cec.c...
compiling misc.c...
compiling stm32f4xx_it.c...
compiling stm32f4xx_adc.c...
compiling stm32f4xx_can.c...
compiling stm32f4xx_dbgmcu.c...
compiling stm32f4xx_cryp_des.c...
compiling stm32f4xx_cryp_tdes.c...
compiling stm32f4xx_dcmi.c...
compiling stm32f4xx_dac.c...
compiling stm32f4xx_cryp.c...
compiling stm32f4xx_cryp_aes.c...
compiling stm32f4xx_dfsdm.c...
compiling stm32f4xx_dsi.c...
compiling stm32f4xx_exti.c...
compiling stm32f4xx_dma2d.c...
compiling stm32f4xx_flash_ramfunc.c...
compiling stm32f4xx_dma.c...
compiling stm32f4xx_flash.c...
compiling stm32f4xx_i2c.c...
compiling stm32f4xx_hash.c...
compiling stm32f4xx_fmc.c...
compiling stm32f4xx_fmpi2c.c...
compiling stm32f4xx_hash_md5.c...
compiling stm32f4xx_gpio.c...
compiling stm32f4xx_hash_sha1.c...
compiling stm32f4xx_iwdg.c...
compiling stm32f4xx_lptim.c...
compiling stm32f4xx_qspi.c...
compiling stm32f4xx_rng.c...
compiling stm32f4xx_rcc.c...
compiling stm32f4xx_pwr.c...
compiling stm32f4xx_ltdc.c...
compiling stm32f4xx_sdio.c...
compiling stm32f4xx_sai.c...
compiling stm32f4xx_syscfg.c...
compiling stm32f4xx_spdifrx.c...
compiling stm32f4xx_rtc.c...
compiling stm32f4xx_spi.c...
compiling stm32f4xx_tim.c...
compiling list.c...
compiling croutine.c...
compiling event_groups.c...
compiling queue.c...
compiling timers.c...
compiling heap_4.c...
compiling tasks.c...
compiling ist8310driver.c...
compiling port.c...
compiling stm32f4xx_usart.c...
compiling mpu6500driver.c...
compiling stm32f4xx_wwdg.c...
compiling AHRS_middleware.c...
compiling user_lib.c...
compiling ist8310driver_middleware.c...
..\user\AHRS\ist8310driver_middleware.c(61): error:  #28: expression must have a constant value
      uint8_t readBuf[3] = {IST8310_IIC_ADDRESS | IST8310_IIC_READ_MSB, reg, 0x81};
..\user\AHRS\ist8310driver_middleware.c(68): error:  #28: expression must have a constant value
      uint8_t writeBuf[4] = {IST8310_IIC_ADDRESS, reg, data, 0x80};
..\user\AHRS\ist8310driver_middleware.c(68): error:  #28: expression must have a constant value
      uint8_t writeBuf[4] = {IST8310_IIC_ADDRESS, reg, data, 0x80};
..\user\AHRS\ist8310driver_middleware.c: 0 warnings, 3 errors
compiling mpu6500driver_middleware.c...
compiling can.c...
compiling adc.c...
compiling buzzer.c...
compiling main.c...
..\user\main.c(90): error:  #254: type name is not allowed
      for (uint8_t i = POWER1_CTRL_SWITCH; i < POWER4_CTRL_SWITCH + 1; i++)
..\user\main.c(90): error:  #65: expected a ";"
      for (uint8_t i = POWER1_CTRL_SWITCH; i < POWER4_CTRL_SWITCH + 1; i++)
..\user\main.c(90): error:  #20: identifier "i" is undefined
      for (uint8_t i = POWER1_CTRL_SWITCH; i < POWER4_CTRL_SWITCH + 1; i++)
..\user\main.c: 0 warnings, 3 errors
compiling delay.c...
compiling power_ctrl.c...
..\user\hardware\power_ctrl\power_ctrl.c(17): error:  #254: type name is not allowed
      for (uint8_t i = POWER1_CTRL_SWITCH; i < POWER4_CTRL_SWITCH + 1; i++)
..\user\hardware\power_ctrl\power_ctrl.c(17): error:  #65: expected a ";"
      for (uint8_t i = POWER1_CTRL_SWITCH; i < POWER4_CTRL_SWITCH + 1; i++)
..\user\hardware\power_ctrl\power_ctrl.c(17): error:  #20: identifier "i" is undefined
      for (uint8_t i = POWER1_CTRL_SWITCH; i < POWER4_CTRL_SWITCH + 1; i++)
..\user\hardware\power_ctrl\power_ctrl.c: 0 warnings, 3 errors
compiling exit_init.c...
compiling fric.c...
compiling laser.c...
compiling flash.c...
compiling led.c...
compiling rc.c...
compiling sys.c...
compiling calibrate_task.c...
compiling chassis_behaviour.c...
..\user\APP\chassis_task\chassis_behaviour.c(248): error:  #268: declaration may not appear after executable statement in block
      static fp32 swing_time = 0.0f;
..\user\APP\chassis_task\chassis_behaviour.c(250): error:  #268: declaration may not appear after executable statement in block
      static fp32 swing_angle = 0.0f;
..\user\APP\chassis_task\chassis_behaviour.c(252): error:  #268: declaration may not appear after executable statement in block
      static fp32 max_angle = SWING_NO_MOVE_ANGLE;
..\user\APP\chassis_task\chassis_behaviour.c(254): error:  #268: declaration may not appear after executable statement in block
      static fp32 const add_time = PI / 250.0f;
..\user\APP\chassis_task\chassis_behaviour.c(256): error:  #268: declaration may not appear after executable statement in block
      static uint8_t swing_flag = 0;
..\user\APP\chassis_task\chassis_behaviour.c: 0 warnings, 5 errors
compiling detect_task.c...
..\user\APP\detect_task\detect_task.c(72): error:  #29: expected an expression
          for (int i = 0; i < errorListLength; i++)
..\user\APP\detect_task\detect_task.c(72): error:  #20: identifier "i" is undefined
          for (int i = 0; i < errorListLength; i++)
..\user\APP\detect_task\detect_task.c(269): error:  #254: type name is not allowed
      for (uint8_t i = 0; i < errorListLength; i++)
..\user\APP\detect_task\detect_task.c(269): error:  #65: expected a ";"
      for (uint8_t i = 0; i < errorListLength; i++)
..\user\APP\detect_task\detect_task.c(269): error:  #20: identifier "i" is undefined
      for (uint8_t i = 0; i < errorListLength; i++)
..\user\APP\detect_task\detect_task.c: 0 warnings, 5 errors
compiling chassis_task.c...
..\user\APP\chassis_task\chassis_task.c(124): error:  #268: declaration may not appear after executable statement in block
      const static fp32 motor_speed_pid[3] = {M3505_MOTOR_SPEED_PID_KP, M3505_MOTOR_SPEED_PID_KI, M3505_MOTOR_SPEED_PID_KD};
..\user\APP\chassis_task\chassis_task.c(126): error:  #268: declaration may not appear after executable statement in block
      const static fp32 chassis_yaw_pid[3] = {CHASSIS_FOLLOW_GIMBAL_PID_KP, CHASSIS_FOLLOW_GIMBAL_PID_KI, CHASSIS_FOLLOW_GIMBAL_PID_KD};
..\user\APP\chassis_task\chassis_task.c(127): error:  #268: declaration may not appear after executable statement in block
      const static fp32 chassis_x_order_filter[1] = {CHASSIS_ACCEL_X_NUM};
..\user\APP\chassis_task\chassis_task.c(128): error:  #268: declaration may not appear after executable statement in block
      const static fp32 chassis_y_order_filter[1] = {CHASSIS_ACCEL_Y_NUM};
..\user\APP\chassis_task\chassis_task.c(129): error:  #268: declaration may not appear after executable statement in block
      uint8_t i;
..\user\APP\chassis_task\chassis_task.c(211): error:  #268: declaration may not appear after executable statement in block
      uint8_t i = 0;
..\user\APP\chassis_task\chassis_task.c(238): error:  #268: declaration may not appear after executable statement in block
      int16_t vx_channel, vy_channel;
..\user\APP\chassis_task\chassis_task.c(239): error:  #268: declaration may not appear after executable statement in block
      fp32 vx_set_channel, vy_set_channel;
..\user\APP\chassis_task\chassis_task.c(294): error:  #268: declaration may not appear after executable statement in block
      fp32 vx_set = 0.0f, vy_set = 0.0f, angle_set = 0.0f;
..\user\APP\chassis_task\chassis_task.c: 0 warnings, 9 errors
compiling gimbal_behaviour.c...
..\user\APP\gimbal_task\gimbal_behaviour.c(213): error:  #268: declaration may not appear after executable statement in block
      static fp32 rc_add_yaw, rc_add_pit;
..\user\APP\gimbal_task\gimbal_behaviour.c(214): error:  #268: declaration may not appear after executable statement in block
      static int16_t yaw_channel = 0, pitch_channel = 0;
..\user\APP\gimbal_task\gimbal_behaviour.c(381): error:  #268: declaration may not appear after executable statement in block
      static uint16_t motionless_time = 0;
..\user\APP\gimbal_task\gimbal_behaviour.c(470): error:  #268: declaration may not appear after executable statement in block
      static uint16_t cali_time = 0;
..\user\APP\gimbal_task\gimbal_behaviour.c: 0 warnings, 4 errors
compiling rng.c...
compiling gimbal_task.c...
..\user\APP\gimbal_task\gimbal_task.c(241): error:  #268: declaration may not appear after executable statement in block
      int16_t temp_max_ecd = 0, temp_min_ecd = 0, temp_ecd = 0;
..\user\APP\gimbal_task\gimbal_task.c(484): error:  #268: declaration may not appear after executable statement in block
      fp32 add_yaw_angle = 0.0f;
..\user\APP\gimbal_task\gimbal_task.c(485): error:  #268: declaration may not appear after executable statement in block
      fp32 add_pitch_angle = 0.0f;
..\user\APP\gimbal_task\gimbal_task.c: 0 warnings, 3 errors
compiling timer.c...
compiling spi.c...
compiling CAN_receive.c...
compiling pid.c...
compiling start_task.c...
compiling user_task.c...
compiling FreeRTOS_middleware.c...
compiling INS_task.c...
..\user\APP\INS_task\INS_task.c(211): error:  #268: declaration may not appear after executable statement in block
          static fp32 accel_fliter_1[3] = {0.0f, 0.0f, 0.0f};
..\user\APP\INS_task\INS_task.c(212): error:  #268: declaration may not appear after executable statement in block
          static fp32 accel_fliter_2[3] = {0.0f, 0.0f, 0.0f};
..\user\APP\INS_task\INS_task.c(213): error:  #268: declaration may not appear after executable statement in block
          static fp32 accel_fliter_3[3] = {0.0f, 0.0f, 0.0f};
..\user\APP\INS_task\INS_task.c(214): error:  #268: declaration may not appear after executable statement in block
          static const fp32 fliter_num[3] = {1.929454039488895f, -0.93178349823448126f, 0.002329458745586203f};
..\user\APP\INS_task\INS_task.c(218): error:  #268: declaration may not appear after executable statement in block
          static uint8_t updata_count = 0;
..\user\APP\INS_task\INS_task.c(357): error:  #254: type name is not allowed
      for (uint8_t i = 0; i < 3; i++)
..\user\APP\INS_task\INS_task.c(357): error:  #65: expected a ";"
      for (uint8_t i = 0; i < 3; i++)
..\user\APP\INS_task\INS_task.c(357): error:  #20: identifier "i" is undefined
      for (uint8_t i = 0; i < 3; i++)
..\user\APP\INS_task\INS_task.c: 0 warnings, 8 errors
compiling shoot.c...
..\user\APP\shoot\shoot.c(191): error:  #268: declaration may not appear after executable statement in block
          static uint16_t up_time = 0;
..\user\APP\shoot\shoot.c: 0 warnings, 1 error
compiling remote_control.c...
".\Objects\infantry.axf" - 44 Error(s), 0 Warning(s).

<h2>Software Packages used:</h2>

Package Vendor: Keil
                http://www.keil.com/pack/Keil.STM32F4xx_DFP.2.14.0.pack
                Keil.STM32F4xx_DFP.2.14.0
                STMicroelectronics STM32F4 Series Device Support, Drivers and Examples

<h2>Collection of Component include folders:</h2>
  .\RTE\_standard
  D:\KEIL5\core\ARM\PACK\Keil\STM32F4xx_DFP\2.14.0\Drivers\CMSIS\Device\ST\STM32F4xx\Include

<h2>Collection of Component Files used:</h2>
Target not created.
Build Time Elapsed:  00:00:22
</pre>
</body>
</html>
